# JRE version: Java(TM) SE Runtime Environment (8.0_111-b14) (build 1.8.0_111-b14)
# Java VM: Java HotSpot(TM) 64-Bit Server VM (25.111-b14 mixed mode windows-amd64 compressed oops)
Heap:
 PSYoungGen      total 442880K, used 18501K [0x000000076b300000, 0x000000078ac80000, 0x00000007c0000000)
  eden space 423936K, 0% used [0x000000076b300000,0x000000076b300000,0x0000000785100000)
  from space 18944K, 97% used [0x0000000788b00000,0x0000000789d11430,0x0000000789d80000)
  to   space 15360K, 0% used [0x0000000789d80000,0x0000000789d80000,0x000000078ac80000)
 ParOldGen       total 96768K, used 70060K [0x00000006c1800000, 0x00000006c7680000, 0x000000076b300000)
  object space 96768K, 72% used [0x00000006c1800000,0x00000006c5c6b320,0x00000006c7680000)
 Metaspace       used 33957K, capacity 35440K, committed 35456K, reserved 1079296K
  class space    used 4400K, capacity 4723K, committed 4736K, reserved 1048576K
GC Heap History (10 events):
Event: 327.873 GC heap after
Heap after GC invocations=40 (full 1):
 PSYoungGen      total 445440K, used 4719K [0x000000076b300000, 0x000000078a780000, 0x00000007c0000000)
  eden space 421888K, 0% used [0x000000076b300000,0x000000076b300000,0x0000000784f00000)
  from space 23552K, 20% used [0x0000000784f00000,0x000000078539bd10,0x0000000786600000)
  to   space 22528K, 0% used [0x0000000789180000,0x0000000789180000,0x000000078a780000)
 ParOldGen       total 96768K, used 69572K [0x00000006c1800000, 0x00000006c7680000, 0x000000076b300000)
  object space 96768K, 71% used [0x00000006c1800000,0x00000006c5bf11c0,0x00000006c7680000)
 Metaspace       used 33895K, capacity 35440K, committed 35456K, reserved 1079296K
  class space    used 4400K, capacity 4723K, committed 4736K, reserved 1048576K
}
Event: 334.773 GC heap before
{Heap before GC invocations=41 (full 1):
 PSYoungGen      total 445440K, used 426607K [0x000000076b300000, 0x000000078a780000, 0x00000007c0000000)
  eden space 421888K, 100% used [0x000000076b300000,0x0000000784f00000,0x0000000784f00000)
  from space 23552K, 20% used [0x0000000784f00000,0x000000078539bd10,0x0000000786600000)
  to   space 22528K, 0% used [0x0000000789180000,0x0000000789180000,0x000000078a780000)
 ParOldGen       total 96768K, used 69572K [0x00000006c1800000, 0x00000006c7680000, 0x000000076b300000)
  object space 96768K, 71% used [0x00000006c1800000,0x00000006c5bf11c0,0x00000006c7680000)
 Metaspace       used 33929K, capacity 35440K, committed 35456K, reserved 1079296K
  class space    used 4400K, capacity 4723K, committed 4736K, reserved 1048576K
Event: 334.781 GC heap after
Heap after GC invocations=41 (full 1):
 PSYoungGen      total 475648K, used 9753K [0x000000076b300000, 0x000000078a000000, 0x00000007c0000000)
  eden space 460800K, 0% used [0x000000076b300000,0x000000076b300000,0x0000000787500000)
  from space 14848K, 65% used [0x0000000789180000,0x0000000789b06448,0x000000078a000000)
  to   space 22016K, 0% used [0x0000000787500000,0x0000000787500000,0x0000000788a80000)
 ParOldGen       total 96768K, used 69732K [0x00000006c1800000, 0x00000006c7680000, 0x000000076b300000)
  object space 96768K, 72% used [0x00000006c1800000,0x00000006c5c191c0,0x00000006c7680000)
 Metaspace       used 33929K, capacity 35440K, committed 35456K, reserved 1079296K
  class space    used 4400K, capacity 4723K, committed 4736K, reserved 1048576K
}
Event: 341.708 GC heap before
{Heap before GC invocations=42 (full 1):
 PSYoungGen      total 475648K, used 470553K [0x000000076b300000, 0x000000078a000000, 0x00000007c0000000)
  eden space 460800K, 100% used [0x000000076b300000,0x0000000787500000,0x0000000787500000)
  from space 14848K, 65% used [0x0000000789180000,0x0000000789b06448,0x000000078a000000)
  to   space 22016K, 0% used [0x0000000787500000,0x0000000787500000,0x0000000788a80000)
 ParOldGen       total 96768K, used 69732K [0x00000006c1800000, 0x00000006c7680000, 0x000000076b300000)
  object space 96768K, 72% used [0x00000006c1800000,0x00000006c5c191c0,0x00000006c7680000)
 Metaspace       used 33948K, capacity 35440K, committed 35456K, reserved 1079296K
  class space    used 4400K, capacity 4723K, committed 4736K, reserved 1048576K
Event: 341.721 GC heap after
Heap after GC invocations=42 (full 1):
 PSYoungGen      total 482816K, used 17841K [0x000000076b300000, 0x000000078c380000, 0x00000007c0000000)
  eden space 460800K, 0% used [0x000000076b300000,0x000000076b300000,0x0000000787500000)
  from space 22016K, 81% used [0x0000000787500000,0x000000078866c710,0x0000000788a80000)
  to   space 24064K, 0% used [0x000000078ac00000,0x000000078ac00000,0x000000078c380000)
 ParOldGen       total 96768K, used 69924K [0x00000006c1800000, 0x00000006c7680000, 0x000000076b300000)
  object space 96768K, 72% used [0x00000006c1800000,0x00000006c5c49320,0x00000006c7680000)
 Metaspace       used 33948K, capacity 35440K, committed 35456K, reserved 1079296K
  class space    used 4400K, capacity 4723K, committed 4736K, reserved 1048576K
}
Event: 350.577 GC heap before
{Heap before GC invocations=43 (full 1):
 PSYoungGen      total 482816K, used 478641K [0x000000076b300000, 0x000000078c380000, 0x00000007c0000000)
  eden space 460800K, 100% used [0x000000076b300000,0x0000000787500000,0x0000000787500000)
  from space 22016K, 81% used [0x0000000787500000,0x000000078866c710,0x0000000788a80000)
  to   space 24064K, 0% used [0x000000078ac00000,0x000000078ac00000,0x000000078c380000)
 ParOldGen       total 96768K, used 69924K [0x00000006c1800000, 0x00000006c7680000, 0x000000076b300000)
  object space 96768K, 72% used [0x00000006c1800000,0x00000006c5c49320,0x00000006c7680000)
 Metaspace       used 33949K, capacity 35440K, committed 35456K, reserved 1079296K
  class space    used 4400K, capacity 4723K, committed 4736K, reserved 1048576K
Event: 350.592 GC heap after
Heap after GC invocations=43 (full 1):
 PSYoungGen      total 460288K, used 18110K [0x000000076b300000, 0x000000078be00000, 0x00000007c0000000)
  eden space 441856K, 0% used [0x000000076b300000,0x000000076b300000,0x0000000786280000)
  from space 18432K, 98% used [0x000000078ac00000,0x000000078bdaf9d0,0x000000078be00000)
  to   space 26112K, 0% used [0x0000000788b00000,0x0000000788b00000,0x000000078a480000)
 ParOldGen       total 96768K, used 69964K [0x00000006c1800000, 0x00000006c7680000, 0x000000076b300000)
  object space 96768K, 72% used [0x00000006c1800000,0x00000006c5c53320,0x00000006c7680000)
 Metaspace       used 33949K, capacity 35440K, committed 35456K, reserved 1079296K
  class space    used 4400K, capacity 4723K, committed 4736K, reserved 1048576K
}
Event: 356.931 GC heap before
{Heap before GC invocations=44 (full 1):
 PSYoungGen      total 460288K, used 355915K [0x000000076b300000, 0x000000078be00000, 0x00000007c0000000)
  eden space 441856K, 76% used [0x000000076b300000,0x000000077fce3270,0x0000000786280000)
  from space 18432K, 98% used [0x000000078ac00000,0x000000078bdaf9d0,0x000000078be00000)
  to   space 26112K, 0% used [0x0000000788b00000,0x0000000788b00000,0x000000078a480000)
 ParOldGen       total 96768K, used 69964K [0x00000006c1800000, 0x00000006c7680000, 0x000000076b300000)
  object space 96768K, 72% used [0x00000006c1800000,0x00000006c5c53320,0x00000006c7680000)
 Metaspace       used 33957K, capacity 35440K, committed 35456K, reserved 1079296K
  class space    used 4400K, capacity 4723K, committed 4736K, reserved 1048576K
Event: 356.945 GC heap after
Heap after GC invocations=44 (full 1):
 PSYoungGen      total 442880K, used 18501K [0x000000076b300000, 0x000000078ac80000, 0x00000007c0000000)
  eden space 423936K, 0% used [0x000000076b300000,0x000000076b300000,0x0000000785100000)
  from space 18944K, 97% used [0x0000000788b00000,0x0000000789d11430,0x0000000789d80000)
  to   space 15360K, 0% used [0x0000000789d80000,0x0000000789d80000,0x000000078ac80000)
 ParOldGen       total 96768K, used 70060K [0x00000006c1800000, 0x00000006c7680000, 0x000000076b300000)
  object space 96768K, 72% used [0x00000006c1800000,0x00000006c5c6b320,0x00000006c7680000)
 Metaspace       used 33957K, capacity 35440K, committed 35456K, reserved 1079296K
  class space    used 4400K, capacity 4723K, committed 4736K, reserved 1048576K
}
Event: 356.945 GC heap before
{Heap before GC invocations=45 (full 2):
 PSYoungGen      total 442880K, used 18501K [0x000000076b300000, 0x000000078ac80000, 0x00000007c0000000)
  eden space 423936K, 0% used [0x000000076b300000,0x000000076b300000,0x0000000785100000)
  from space 18944K, 97% used [0x0000000788b00000,0x0000000789d11430,0x0000000789d80000)
  to   space 15360K, 0% used [0x0000000789d80000,0x0000000789d80000,0x000000078ac80000)
 ParOldGen       total 96768K, used 70060K [0x00000006c1800000, 0x00000006c7680000, 0x000000076b300000)
  object space 96768K, 72% used [0x00000006c1800000,0x00000006c5c6b320,0x00000006c7680000)
 Metaspace       used 33957K, capacity 35440K, committed 35456K, reserved 1079296K
  class space    used 4400K, capacity 4723K, committed 4736K, reserved 1048576K

