# JRE version: Java(TM) SE Runtime Environment (8.0_111-b14) (build 1.8.0_111-b14)
# Java VM: Java HotSpot(TM) 64-Bit Server VM (25.111-b14 mixed mode windows-amd64 compressed oops)
Heap:
 PSYoungGen      total 907264K, used 897317K [0x000000076b300000, 0x00000007a4d00000, 0x00000007c0000000)
  eden space 877056K, 100% used [0x000000076b300000,0x00000007a0b80000,0x00000007a0b80000)
  from space 30208K, 67% used [0x00000007a0b80000,0x00000007a1f497d8,0x00000007a2900000)
  to   space 29184K, 68% used [0x00000007a3080000,0x00000007a43f57c8,0x00000007a4d00000)
 ParOldGen       total 649216K, used 505900K [0x00000006c1800000, 0x00000006e9200000, 0x000000076b300000)
  object space 649216K, 77% used [0x00000006c1800000,0x00000006e060b248,0x00000006e9200000)
 Metaspace       used 34585K, capacity 36178K, committed 36352K, reserved 1081344K
  class space    used 4475K, capacity 4806K, committed 4864K, reserved 1048576K
GC Heap History (10 events):
Event: 719.343 GC heap after
Heap after GC invocations=41 (full 2):
 PSYoungGen      total 888320K, used 22598K [0x000000076b300000, 0x00000007a4200000, 0x00000007c0000000)
  eden space 855552K, 0% used [0x000000076b300000,0x000000076b300000,0x000000079f680000)
  from space 32768K, 68% used [0x000000079f680000,0x00000007a0c91aa8,0x00000007a1680000)
  to   space 32768K, 0% used [0x00000007a2200000,0x00000007a2200000,0x00000007a4200000)
 ParOldGen       total 192512K, used 46132K [0x00000006c1800000, 0x00000006cd400000, 0x000000076b300000)
  object space 192512K, 23% used [0x00000006c1800000,0x00000006c450d160,0x00000006cd400000)
 Metaspace       used 34383K, capacity 36002K, committed 36096K, reserved 1081344K
  class space    used 4466K, capacity 4790K, committed 4864K, reserved 1048576K
}
Event: 742.617 GC heap before
{Heap before GC invocations=42 (full 2):
 PSYoungGen      total 888320K, used 878150K [0x000000076b300000, 0x00000007a4200000, 0x00000007c0000000)
  eden space 855552K, 100% used [0x000000076b300000,0x000000079f680000,0x000000079f680000)
  from space 32768K, 68% used [0x000000079f680000,0x00000007a0c91aa8,0x00000007a1680000)
  to   space 32768K, 0% used [0x00000007a2200000,0x00000007a2200000,0x00000007a4200000)
 ParOldGen       total 192512K, used 46132K [0x00000006c1800000, 0x00000006cd400000, 0x000000076b300000)
  object space 192512K, 23% used [0x00000006c1800000,0x00000006c450d160,0x00000006cd400000)
 Metaspace       used 34470K, capacity 36056K, committed 36352K, reserved 1081344K
  class space    used 4471K, capacity 4799K, committed 4864K, reserved 1048576K
Event: 742.632 GC heap after
Heap after GC invocations=42 (full 2):
 PSYoungGen      total 898048K, used 21218K [0x000000076b300000, 0x00000007a4000000, 0x00000007c0000000)
  eden space 867328K, 0% used [0x000000076b300000,0x000000076b300000,0x00000007a0200000)
  from space 30720K, 69% used [0x00000007a2200000,0x00000007a36b8938,0x00000007a4000000)
  to   space 31744K, 0% used [0x00000007a0200000,0x00000007a0200000,0x00000007a2100000)
 ParOldGen       total 192512K, used 46678K [0x00000006c1800000, 0x00000006cd400000, 0x000000076b300000)
  object space 192512K, 24% used [0x00000006c1800000,0x00000006c4595890,0x00000006cd400000)
 Metaspace       used 34470K, capacity 36056K, committed 36352K, reserved 1081344K
  class space    used 4471K, capacity 4799K, committed 4864K, reserved 1048576K
}
Event: 769.629 GC heap before
{Heap before GC invocations=43 (full 2):
 PSYoungGen      total 898048K, used 888546K [0x000000076b300000, 0x00000007a4000000, 0x00000007c0000000)
  eden space 867328K, 100% used [0x000000076b300000,0x00000007a0200000,0x00000007a0200000)
  from space 30720K, 69% used [0x00000007a2200000,0x00000007a36b8938,0x00000007a4000000)
  to   space 31744K, 0% used [0x00000007a0200000,0x00000007a0200000,0x00000007a2100000)
 ParOldGen       total 192512K, used 46678K [0x00000006c1800000, 0x00000006cd400000, 0x000000076b300000)
  object space 192512K, 24% used [0x00000006c1800000,0x00000006c4595890,0x00000006cd400000)
 Metaspace       used 34523K, capacity 36148K, committed 36352K, reserved 1081344K
  class space    used 4472K, capacity 4801K, committed 4864K, reserved 1048576K
Event: 769.641 GC heap after
Heap after GC invocations=43 (full 2):
 PSYoungGen      total 899072K, used 20243K [0x000000076b300000, 0x00000007a4800000, 0x00000007c0000000)
  eden space 867328K, 0% used [0x000000076b300000,0x000000076b300000,0x00000007a0200000)
  from space 31744K, 63% used [0x00000007a0200000,0x00000007a15c4e88,0x00000007a2100000)
  to   space 30720K, 0% used [0x00000007a2a00000,0x00000007a2a00000,0x00000007a4800000)
 ParOldGen       total 192512K, used 48934K [0x00000006c1800000, 0x00000006cd400000, 0x000000076b300000)
  object space 192512K, 25% used [0x00000006c1800000,0x00000006c47c9998,0x00000006cd400000)
 Metaspace       used 34523K, capacity 36148K, committed 36352K, reserved 1081344K
  class space    used 4472K, capacity 4801K, committed 4864K, reserved 1048576K
}
Event: 798.850 GC heap before
{Heap before GC invocations=44 (full 2):
 PSYoungGen      total 899072K, used 887571K [0x000000076b300000, 0x00000007a4800000, 0x00000007c0000000)
  eden space 867328K, 100% used [0x000000076b300000,0x00000007a0200000,0x00000007a0200000)
  from space 31744K, 63% used [0x00000007a0200000,0x00000007a15c4e88,0x00000007a2100000)
  to   space 30720K, 0% used [0x00000007a2a00000,0x00000007a2a00000,0x00000007a4800000)
 ParOldGen       total 192512K, used 48934K [0x00000006c1800000, 0x00000006cd400000, 0x000000076b300000)
  object space 192512K, 25% used [0x00000006c1800000,0x00000006c47c9998,0x00000006cd400000)
 Metaspace       used 34551K, capacity 36160K, committed 36352K, reserved 1081344K
  class space    used 4473K, capacity 4803K, committed 4864K, reserved 1048576K
Event: 798.865 GC heap after
Heap after GC invocations=44 (full 2):
 PSYoungGen      total 906240K, used 20902K [0x000000076b300000, 0x00000007a4680000, 0x00000007c0000000)
  eden space 877056K, 0% used [0x000000076b300000,0x000000076b300000,0x00000007a0b80000)
  from space 29184K, 71% used [0x00000007a2a00000,0x00000007a3e69918,0x00000007a4680000)
  to   space 30208K, 0% used [0x00000007a0b80000,0x00000007a0b80000,0x00000007a2900000)
 ParOldGen       total 192512K, used 49182K [0x00000006c1800000, 0x00000006cd400000, 0x000000076b300000)
  object space 192512K, 25% used [0x00000006c1800000,0x00000006c4807998,0x00000006cd400000)
 Metaspace       used 34551K, capacity 36160K, committed 36352K, reserved 1081344K
  class space    used 4473K, capacity 4803K, committed 4864K, reserved 1048576K
}
Event: 834.441 GC heap before
{Heap before GC invocations=45 (full 2):
 PSYoungGen      total 906240K, used 897958K [0x000000076b300000, 0x00000007a4680000, 0x00000007c0000000)
  eden space 877056K, 100% used [0x000000076b300000,0x00000007a0b80000,0x00000007a0b80000)
  from space 29184K, 71% used [0x00000007a2a00000,0x00000007a3e69918,0x00000007a4680000)
  to   space 30208K, 0% used [0x00000007a0b80000,0x00000007a0b80000,0x00000007a2900000)
 ParOldGen       total 192512K, used 49182K [0x00000006c1800000, 0x00000006cd400000, 0x000000076b300000)
  object space 192512K, 25% used [0x00000006c1800000,0x00000006c4807998,0x00000006cd400000)
 Metaspace       used 34570K, capacity 36172K, committed 36352K, reserved 1081344K
  class space    used 4474K, capacity 4805K, committed 4864K, reserved 1048576K
Event: 834.453 GC heap after
Heap after GC invocations=45 (full 2):
 PSYoungGen      total 907264K, used 20261K [0x000000076b300000, 0x00000007a4d00000, 0x00000007c0000000)
  eden space 877056K, 0% used [0x000000076b300000,0x000000076b300000,0x00000007a0b80000)
  from space 30208K, 67% used [0x00000007a0b80000,0x00000007a1f497d8,0x00000007a2900000)
  to   space 29184K, 0% used [0x00000007a3080000,0x00000007a3080000,0x00000007a4d00000)
 ParOldGen       total 192512K, used 49390K [0x00000006c1800000, 0x00000006cd400000, 0x000000076b300000)
  object space 192512K, 25% used [0x00000006c1800000,0x00000006c483b998,0x00000006cd400000)
 Metaspace       used 34570K, capacity 36172K, committed 36352K, reserved 1081344K
  class space    used 4474K, capacity 4805K, committed 4864K, reserved 1048576K
}
Event: 862.740 GC heap before
{Heap before GC invocations=46 (full 2):
 PSYoungGen      total 907264K, used 897317K [0x000000076b300000, 0x00000007a4d00000, 0x00000007c0000000)
  eden space 877056K, 100% used [0x000000076b300000,0x00000007a0b80000,0x00000007a0b80000)
  from space 30208K, 67% used [0x00000007a0b80000,0x00000007a1f497d8,0x00000007a2900000)
  to   space 29184K, 0% used [0x00000007a3080000,0x00000007a3080000,0x00000007a4d00000)
 ParOldGen       total 192512K, used 49396K [0x00000006c1800000, 0x00000006cd400000, 0x000000076b300000)
  object space 192512K, 25% used [0x00000006c1800000,0x00000006c483d2b8,0x00000006cd400000)
 Metaspace       used 34585K, capacity 36178K, committed 36352K, reserved 1081344K
  class space    used 4475K, capacity 4806K, committed 4864K, reserved 1048576K

